ď»żnode.exe : Î“ĂśĂˇ Warning: 
Next.js inferred your 
workspace root, but it may 
not be correct.
At C:\Program 
Files\nodejs\npx.ps1:29 
char:3
+   & $NODE_EXE $NPX_CLI_JS 
$args
+   
~~~~~~~~~~~~~~~~~~~~~~~~~~~~~
    + CategoryInfo           
   : NotSpecified: (Î“ĂśĂˇ War  
  ning: Ne...not be correc   
 t.:String) [], RemoteExc    
eption
    + FullyQualifiedErrorId  
   : NativeCommandError
 
 We detected multiple 
lockfiles and selected the 
directory of C:\Users\Hi\Desk
top\Workspace\Projects\Client
s\package-lock.json as the 
root directory.
 To silence this warning, 
set `turbopack.root` in your 
Next.js config, or consider 
removing one of the 
lockfiles if it's not needed.
   See https://nextjs.org/doc
s/app/api-reference/config/ne
xt-config-js/turbopack#root-d
irectory for more 
information.
 Detected additional 
lockfiles: 
   * C:\Users\Hi\Desktop\Work
space\Projects\Clients\thunde
r\frontendweb\package-lock.js
on

Î“Ă»â–“ Next.js 16.1.6 (Turbopack)
- Environments: .env

  Creating an optimized production build ...
Î“ÂŁĂ´ Compiled successfully in 19.7s
  Running TypeScript ...
  Collecting page data using 7 workers ...
  Generating static pages using 7 workers (0/81) ...
  Generating static pages using 7 workers (20/81) 
  Generating static pages using 7 workers (40/81) 
  Generating static pages using 7 workers (60/81) 
Î“ÂŁĂ´ Generating static pages using 7 workers (81/81) in 3.4s
  Finalizing page optimization ...

Route (app)
Î“Ă¶Ă® Î“ĂąĂŻ /
Î“Ă¶ÂŁ Î“ĂąĂŻ /_not-found
Î“Ă¶ÂŁ Î“ĂąĂŻ /auth/continue-signup
Î“Ă¶ÂŁ Î“ĂąĂŻ /auth/create-password
Î“Ă¶ÂŁ Î“ĂąĂŻ /auth/forget-password
Î“Ă¶ÂŁ Î“ĂąĂŻ /auth/login
Î“Ă¶ÂŁ Î“ĂąĂŻ /auth/set-pin
Î“Ă¶ÂŁ Î“ĂąĂŻ /auth/sign-up
Î“Ă¶ÂŁ Î“ĂąĂŻ /auth/upload
Î“Ă¶ÂŁ Î“ĂąĂŻ /auth/verify-number
Î“Ă¶ÂŁ Î“ĂąĂŻ /cards
Î“Ă¶ÂŁ Î“ĂąĂŻ /cash
Î“Ă¶ÂŁ Î“ĂąĂŻ /cash/pay-bills
Î“Ă¶ÂŁ Î“ĂąĂŻ /cash/pay-bills/airtime
Î“Ă¶ÂŁ Î“ĂąĂŻ /cash/pay-bills/data
Î“Ă¶ÂŁ Î“ĂąĂŻ /cash/pay-bills/electricity
Î“Ă¶ÂŁ Î“ĂąĂŻ /cash/pay-bills/tv
Î“Ă¶ÂŁ Î“ĂąĂŻ /crypto
Î“Ă¶ÂŁ Î“ĂąĂŻ /crypto/activity
Î“Ă¶ÂŁ Î“ĂąĂŻ /crypto/convert
Î“Ă¶ÂŁ Î“ĂąĂŻ /crypto/pay-bills
Î“Ă¶ÂŁ Î“ĂąĂŻ /crypto/pay-bills/airtime
Î“Ă¶ÂŁ Î“ĂąĂŻ /crypto/pay-bills/betting
Î“Ă¶ÂŁ Î“ĂąĂŻ /crypto/pay-bills/data
Î“Ă¶ÂŁ Î“ĂąĂŻ /crypto/pay-bills/education
Î“Ă¶ÂŁ Î“ĂąĂŻ /crypto/pay-bills/electricity
Î“Ă¶ÂŁ Î“ĂąĂŻ /crypto/pay-bills/flight
Î“Ă¶ÂŁ Î“ĂąĂŻ /crypto/pay-bills/insurance
Î“Ă¶ÂŁ Î“ĂąĂŻ /crypto/pay-bills/insurance/health
Î“Ă¶ÂŁ Î“ĂąĂŻ /crypto/pay-bills/insurance/life
Î“Ă¶ÂŁ Î“ĂąĂŻ /crypto/pay-bills/insurance/motor
Î“Ă¶ÂŁ Î“ĂąĂŻ /crypto/pay-bills/insurance/property
Î“Ă¶ÂŁ Î“ĂąĂŻ /crypto/pay-bills/insurance/travel
Î“Ă¶ÂŁ Î“ĂąĂŻ /crypto/pay-bills/tv
Î“Ă¶ÂŁ Î“ĂąĂŻ /crypto/receive
Î“Ă¶ÂŁ â•žĂ† /crypto/receive/[symbol]
Î“Ă¶ÂŁ Î“ĂąĂŻ /crypto/receive/crypto-wallet
Î“Ă¶ÂŁ Î“ĂąĂŻ /crypto/receive/crypto-wallet/add-wallet
Î“Ă¶ÂŁ Î“ĂąĂŻ /crypto/send
Î“Ă¶ÂŁ â•žĂ† /crypto/send/[symbol]
Î“Ă¶ÂŁ Î“ĂąĂŻ /crypto/send/bank
Î“Ă¶ÂŁ Î“ĂąĂŻ /crypto/send/thunder
Î“Ă¶ÂŁ Î“ĂąĂŻ /crypto/send/wallet
Î“Ă¶ÂŁ Î“ĂąĂŻ /crypto/tokens
Î“Ă¶ÂŁ â•žĂ† /crypto/tokens/[symbol]
Î“Ă¶ÂŁ Î“ĂąĂŻ /home
Î“Ă¶ÂŁ Î“ĂąĂŻ /international
Î“Ă¶ÂŁ Î“ĂąĂŻ /pay-bills
Î“Ă¶ÂŁ Î“ĂąĂŻ /pay-bills/airtime
Î“Ă¶ÂŁ Î“ĂąĂŻ /pay-bills/betting
Î“Ă¶ÂŁ Î“ĂąĂŻ /pay-bills/data
Î“Ă¶ÂŁ Î“ĂąĂŻ /pay-bills/education
Î“Ă¶ÂŁ Î“ĂąĂŻ /pay-bills/electricity
Î“Ă¶ÂŁ Î“ĂąĂŻ /pay-bills/flight
Î“Ă¶ÂŁ Î“ĂąĂŻ /pay-bills/insurance
Î“Ă¶ÂŁ Î“ĂąĂŻ /pay-bills/insurance/health
Î“Ă¶ÂŁ Î“ĂąĂŻ /pay-bills/insurance/life
Î“Ă¶ÂŁ Î“ĂąĂŻ /pay-bills/insurance/motor
Î“Ă¶ÂŁ Î“ĂąĂŻ /pay-bills/insurance/property
Î“Ă¶ÂŁ Î“ĂąĂŻ /pay-bills/insurance/travel
Î“Ă¶ÂŁ Î“ĂąĂŻ /pay-bills/tv
Î“Ă¶ÂŁ Î“ĂąĂŻ /profile
Î“Ă¶ÂŁ Î“ĂąĂŻ /profile/ambassador
Î“Ă¶ÂŁ Î“ĂąĂŻ /profile/change-password
Î“Ă¶ÂŁ Î“ĂąĂŻ /profile/details
Î“Ă¶ÂŁ Î“ĂąĂŻ /profile/referrals
Î“Ă¶ÂŁ Î“ĂąĂŻ /profile/reset-pin
Î“Ă¶ÂŁ Î“ĂąĂŻ /profile/set-pin
Î“Ă¶ÂŁ Î“ĂąĂŻ /receive
Î“Ă¶ÂŁ Î“ĂąĂŻ /receive/crypto-wallet
Î“Ă¶ÂŁ Î“ĂąĂŻ /receive/crypto-wallet/amount
Î“Ă¶ÂŁ Î“ĂąĂŻ /receive/crypto-wallet/select
Î“Ă¶ÂŁ Î“ĂąĂŻ /receive/international-wallet
Î“Ă¶ÂŁ Î“ĂąĂŻ /receive/peer-to-peer
Î“Ă¶ÂŁ Î“ĂąĂŻ /receive/peer-to-peer/amount
Î“Ă¶ÂŁ Î“ĂąĂŻ /receive/peer-to-peer/search
Î“Ă¶ÂŁ Î“ĂąĂŻ /receive/scan-qr
Î“Ă¶ÂŁ Î“ĂąĂŻ /receive/top-up
Î“Ă¶ÂŁ Î“ĂąĂŻ /rewards
Î“Ă¶ÂŁ Î“ĂąĂŻ /send
Î“Ă¶ÂŁ Î“ĂąĂŻ /send/bank
Î“Ă¶ÂŁ Î“ĂąĂŻ /send/thunder
Î“Ă¶Ă¶ Î“ĂąĂŻ /sign-out


Î“ĂąĂŻ  (Static)   prerendered as static content
â•žĂ†  (Dynamic)  server-rendered on demand

